2023-09-25T10:48:29.836057-03:00	[    INFO]	=====START=====
2023-09-25T10:48:29.838901-03:00	[    INFO]	Buscando os arquivos no formato: 'txt.log'
2023-09-25T10:48:29.839123-03:00	[    INFO]	======END======
2023-09-25T10:48:55.570206-03:00	[    INFO]	=====START=====
2023-09-25T10:48:55.575414-03:00	[    INFO]	Buscando os arquivos no formato: 'txt.log'
2023-09-25T10:48:55.576059-03:00	[    INFO]	======END======
2023-09-25T10:50:41.154889-03:00	[    INFO]	=====START=====
2023-09-25T10:50:41.157704-03:00	[    INFO]	Buscando os arquivos no formato: 'txt.loga'
2023-09-25T10:50:41.157868-03:00	[    INFO]	======END======
2023-09-25T10:50:47.218371-03:00	[    INFO]	=====START=====
2023-09-25T10:50:47.221269-03:00	[    INFO]	Buscando os arquivos no formato: 'asd'
2023-09-25T10:50:47.221427-03:00	[    INFO]	======END======
2023-09-25T10:50:51.308913-03:00	[    INFO]	=====START=====
2023-09-25T10:50:51.311729-03:00	[    INFO]	Buscando os arquivos no formato: '2'
2023-09-25T10:50:51.311913-03:00	[    INFO]	======END======
2023-09-25T10:51:46.250346-03:00	[    INFO]	=====START=====
2023-09-25T10:51:46.253168-03:00	[    INFO]	Buscando os arquivos no formato: '2'
2023-09-25T10:51:46.253308-03:00	[    INFO]	======END======
2023-09-25T10:51:52.745440-03:00	[    INFO]	=====START=====
2023-09-25T10:51:52.748219-03:00	[    INFO]	Buscando os arquivos no formato: '2'
2023-09-25T10:51:52.748376-03:00	[    INFO]	======END======
2023-09-25T10:51:56.290725-03:00	[    INFO]	=====START=====
2023-09-25T10:51:56.293588-03:00	[    INFO]	Buscando os arquivos no formato: '1231'
2023-09-25T10:51:56.293740-03:00	[    INFO]	======END======
2023-09-25T10:53:01.995545-03:00	[    INFO]	=====START=====
2023-09-25T10:53:07.025711-03:00	[    INFO]	=====START=====
2023-09-25T10:53:09.221694-03:00	[    INFO]	=====START=====
2023-09-25T10:53:09.224565-03:00	[    INFO]	Buscando os arquivos no formato: 's'
2023-09-25T10:53:09.224727-03:00	[    INFO]	======END======
2023-09-25T10:53:14.237790-03:00	[    INFO]	=====START=====
2023-09-25T10:53:14.240553-03:00	[    INFO]	Buscando os arquivos no formato: 'sq'
2023-09-25T10:53:14.240716-03:00	[    INFO]	======END======
2023-09-25T10:53:57.703498-03:00	[    INFO]	=====START=====
2023-09-25T10:53:57.706455-03:00	[    INFO]	Buscando os arquivos no formato: 'sq'
2023-09-25T10:53:57.706602-03:00	[    INFO]	======END======
2023-09-25T10:53:59.543554-03:00	[    INFO]	=====START=====
2023-09-25T10:53:59.546413-03:00	[    INFO]	Buscando os arquivos no formato: 'sq2'
2023-09-25T10:53:59.546569-03:00	[    INFO]	======END======
2023-09-25T10:54:01.396494-03:00	[    INFO]	=====START=====
2023-09-25T10:54:01.399260-03:00	[    INFO]	Buscando os arquivos no formato: '2'
2023-09-25T10:54:01.399418-03:00	[    INFO]	======END======
2023-09-25T10:54:25.516572-03:00	[    INFO]	=====START=====
2023-09-25T10:54:25.520577-03:00	[    INFO]	Buscando os arquivos no formato: '2'
2023-09-25T10:54:25.520951-03:00	[    INFO]	======END======
2023-09-25T10:58:33.725610-03:00	[    INFO]	=====START=====
2023-09-25T10:58:33.728841-03:00	[    INFO]	Buscando os arquivos no formato: '2'
2023-09-25T10:58:33.729080-03:00	[    INFO]	======END======
2023-09-25T10:58:39.311028-03:00	[    INFO]	=====START=====
2023-09-25T10:58:39.313958-03:00	[    INFO]	Buscando os arquivos no formato: 'app.js'
2023-09-25T10:58:39.314180-03:00	[    INFO]	======END======
2023-09-25T11:00:23.566592-03:00	[    INFO]	=====START=====
2023-09-25T11:00:23.569746-03:00	[    INFO]	Buscando os arquivos no formato: 'app.js'
2023-09-25T11:00:23.570065-03:00	[    INFO]	======END======
2023-09-25T11:01:29.326420-03:00	[    INFO]	=====START=====
2023-09-25T11:01:29.329328-03:00	[    INFO]	Buscando os arquivos no formato: 'app.js'
2023-09-25T11:01:29.329561-03:00	[    INFO]	NÃO encontrado.
2023-09-25T11:01:29.329691-03:00	[    INFO]	NÃO encontrado.
2023-09-25T11:01:29.329821-03:00	[    INFO]	NÃO encontrado.
2023-09-25T11:01:29.329951-03:00	[    INFO]	NÃO encontrado.
2023-09-25T11:01:29.330070-03:00	[    INFO]	======END======
2023-09-25T11:01:51.382515-03:00	[    INFO]	=====START=====
2023-09-25T11:01:51.385335-03:00	[    INFO]	Buscando os arquivos no formato: 'app.js'
2023-09-25T11:01:51.385583-03:00	[    INFO]	NÃO encontrado.
2023-09-25T11:01:51.385715-03:00	[    INFO]	NÃO encontrado.
2023-09-25T11:01:51.385871-03:00	[    INFO]	NÃO encontrado.
2023-09-25T11:01:51.386016-03:00	[    INFO]	NÃO encontrado.
2023-09-25T11:01:51.386165-03:00	[    INFO]	======END======
2023-09-25T12:54:20.749193-03:00	[    INFO]	=====START=====
2023-09-25T12:54:20.751970-03:00	[    INFO]	Buscando os arquivos no formato: 'app.js'
2023-09-25T12:54:20.752169-03:00	[   ERROR]	findall() missing 1 required positional argument: 'string'
Traceback (most recent call last):
  File "/home/lucas/Dev/python/scripts/move_files.py", line 108, in main
    moveFiles = MoveFiles(args.source_folder,
                ^^^^^^^^^^^^^^^^^^^^^^^^^^^^^
  File "/home/lucas/Dev/python/scripts/move_files.py", line 38, in __init__
    self.searchFile()
  File "/home/lucas/Dev/python/scripts/move_files.py", line 43, in searchFile
    le = re.findall(f'{self.file_format}')
         ^^^^^^^^^^^^^^^^^^^^^^^^^^^^^^^^^
TypeError: findall() missing 1 required positional argument: 'string'
2023-09-25T12:54:20.754656-03:00	[    INFO]	======END======
2023-09-25T12:54:46.822931-03:00	[    INFO]	=====START=====
2023-09-25T12:54:46.831336-03:00	[    INFO]	Buscando os arquivos no formato: 'app.js'
2023-09-25T12:54:46.831573-03:00	[   ERROR]	cannot access local variable 'file' where it is not associated with a value
Traceback (most recent call last):
  File "/home/lucas/Dev/python/scripts/move_files.py", line 109, in main
    moveFiles = MoveFiles(args.source_folder,
                ^^^^^^^^^^^^^^^^^^^^^^^^^^^^^
  File "/home/lucas/Dev/python/scripts/move_files.py", line 38, in __init__
    self.searchFile()
  File "/home/lucas/Dev/python/scripts/move_files.py", line 44, in searchFile
    le = re.findall(f'{self.file_format}', file)
                                           ^^^^
UnboundLocalError: cannot access local variable 'file' where it is not associated with a value
2023-09-25T12:54:46.834964-03:00	[    INFO]	======END======
2023-09-25T12:54:55.544847-03:00	[    INFO]	=====START=====
2023-09-25T12:54:55.551065-03:00	[    INFO]	Buscando os arquivos no formato: 'app.js'
2023-09-25T12:54:55.551388-03:00	[   ERROR]	cannot access local variable 'file' where it is not associated with a value
Traceback (most recent call last):
  File "/home/lucas/Dev/python/scripts/move_files.py", line 109, in main
    moveFiles = MoveFiles(args.source_folder,
                ^^^^^^^^^^^^^^^^^^^^^^^^^^^^^
  File "/home/lucas/Dev/python/scripts/move_files.py", line 38, in __init__
    self.searchFile()
  File "/home/lucas/Dev/python/scripts/move_files.py", line 44, in searchFile
    le = re.findall(f'{self.file_format}', file)
                                           ^^^^
UnboundLocalError: cannot access local variable 'file' where it is not associated with a value
2023-09-25T12:54:55.555450-03:00	[    INFO]	======END======
2023-09-25T12:55:36.036802-03:00	[    INFO]	=====START=====
2023-09-25T12:55:36.041908-03:00	[    INFO]	Buscando os arquivos no formato: 'app.js'
2023-09-25T12:55:36.042365-03:00	[    INFO]	======END======
2023-09-25T12:55:50.914925-03:00	[    INFO]	=====START=====
2023-09-25T12:55:50.918843-03:00	[    INFO]	Buscando os arquivos no formato: 'app.js'
2023-09-25T12:55:50.919101-03:00	[    INFO]	======END======
2023-09-25T14:24:30.744043-03:00	[    INFO]	=====START=====
2023-09-25T14:24:30.747484-03:00	[    INFO]	Buscando os arquivos no formato: 'app.js'
2023-09-25T14:24:30.747724-03:00	[    INFO]	======END======
2023-09-25T14:25:13.664932-03:00	[    INFO]	=====START=====
2023-09-25T14:25:13.668248-03:00	[    INFO]	Buscando os arquivos no formato: 'app.js'
2023-09-25T14:25:13.668552-03:00	[    INFO]	======END======
2023-09-25T14:25:26.314341-03:00	[    INFO]	=====START=====
2023-09-25T14:25:26.317373-03:00	[    INFO]	Buscando os arquivos no formato: 'app.js'
2023-09-25T14:25:26.317690-03:00	[    INFO]	======END======
2023-09-25T14:26:36.524392-03:00	[    INFO]	=====START=====
2023-09-25T14:26:36.527923-03:00	[    INFO]	Buscando os arquivos no formato: 'app.js'
2023-09-25T14:26:36.528188-03:00	[    INFO]	======END======
2023-09-25T14:26:37.842628-03:00	[    INFO]	=====START=====
2023-09-25T14:26:37.847226-03:00	[    INFO]	Buscando os arquivos no formato: 'app.js'
2023-09-25T14:26:37.847492-03:00	[    INFO]	======END======
2023-09-25T14:26:43.492255-03:00	[    INFO]	=====START=====
2023-09-25T14:26:43.497155-03:00	[    INFO]	Buscando os arquivos no formato: 'app.j1s'
2023-09-25T14:26:43.497448-03:00	[    INFO]	======END======
2023-09-25T14:26:49.317418-03:00	[    INFO]	=====START=====
2023-09-25T14:26:49.320195-03:00	[    INFO]	Buscando os arquivos no formato: 'app.js'
2023-09-25T14:26:49.320429-03:00	[    INFO]	======END======
2023-09-25T14:28:28.304479-03:00	[    INFO]	=====START=====
2023-09-25T14:28:28.307560-03:00	[    INFO]	Buscando os arquivos no formato: 'app.js'
2023-09-25T14:28:28.307799-03:00	[    INFO]	======END======
2023-09-25T14:42:23.534676-03:00	[    INFO]	=====START=====
2023-09-25T14:42:23.537553-03:00	[    INFO]	Buscando os arquivos no formato: 'app.js'
2023-09-25T14:42:23.537811-03:00	[    INFO]	======END======
2023-09-25T14:59:43.612550-03:00	[    INFO]	=====START=====
2023-09-25T14:59:43.615375-03:00	[    INFO]	Buscando os arquivos no formato: 'app.js'
2023-09-25T14:59:43.615656-03:00	[    INFO]	======END======
2023-09-25T15:04:34.206760-03:00	[    INFO]	=====START=====
2023-09-25T15:04:34.214259-03:00	[    INFO]	Buscando os arquivos no formato: 'app.js'
2023-09-25T15:04:34.214726-03:00	[    INFO]	======END======
2023-09-25T15:06:01.041454-03:00	[    INFO]	=====START=====
2023-09-25T15:06:01.045373-03:00	[    INFO]	Buscando os arquivos no formato: 'app.js'
2023-09-25T15:06:01.045661-03:00	[    INFO]	======END======
2023-09-25T15:07:13.425429-03:00	[    INFO]	=====START=====
2023-09-25T15:07:13.428951-03:00	[    INFO]	Buscando os arquivos no formato: 'app.js'
2023-09-25T15:07:13.429321-03:00	[    INFO]	======END======
2023-09-25T15:09:31.414072-03:00	[    INFO]	=====START=====
2023-09-25T15:09:31.417425-03:00	[    INFO]	Buscando os arquivos no formato: 'app.js'
2023-09-25T15:09:31.417884-03:00	[    INFO]	======END======
2023-09-25T15:09:34.669780-03:00	[    INFO]	=====START=====
2023-09-25T15:09:34.672741-03:00	[    INFO]	Buscando os arquivos no formato: 'app.js'
2023-09-25T15:09:34.673139-03:00	[    INFO]	======END======
2023-09-25T15:09:46.072232-03:00	[    INFO]	=====START=====
2023-09-25T15:09:46.076767-03:00	[    INFO]	Buscando os arquivos no formato: 'app.js'
2023-09-25T15:09:46.077482-03:00	[    INFO]	======END======
2023-09-25T15:09:58.146260-03:00	[    INFO]	=====START=====
2023-09-25T15:09:58.149971-03:00	[    INFO]	Buscando os arquivos no formato: 'app.js'
2023-09-25T15:09:58.150386-03:00	[    INFO]	======END======
2023-09-25T15:15:18.755051-03:00	[    INFO]	=====START=====
2023-09-25T15:15:18.758335-03:00	[    INFO]	Buscando os arquivos no formato: 'app.js'
2023-09-25T15:15:18.758677-03:00	[    INFO]	======END======
2023-09-25T15:16:04.078589-03:00	[    INFO]	=====START=====
2023-09-25T15:16:04.081653-03:00	[    INFO]	Buscando os arquivos no formato: 'app.js'
2023-09-25T15:16:04.082035-03:00	[    INFO]	======END======
2023-09-25T15:16:05.663290-03:00	[    INFO]	=====START=====
2023-09-25T15:16:05.666090-03:00	[    INFO]	Buscando os arquivos no formato: 'app.js'
2023-09-25T15:16:05.666440-03:00	[    INFO]	======END======
2023-09-25T15:16:44.617060-03:00	[    INFO]	=====START=====
2023-09-25T15:16:44.620726-03:00	[    INFO]	Buscando os arquivos no formato: 'app.js'
2023-09-25T15:16:44.621172-03:00	[    INFO]	======END======
2023-09-25T15:16:46.176377-03:00	[    INFO]	=====START=====
2023-09-25T15:16:46.181095-03:00	[    INFO]	Buscando os arquivos no formato: 'app.js'
2023-09-25T15:16:46.181622-03:00	[    INFO]	======END======
2023-09-25T15:17:41.695883-03:00	[    INFO]	=====START=====
2023-09-25T15:17:41.700498-03:00	[    INFO]	Buscando os arquivos no formato: 'app.js'
2023-09-25T15:17:41.700935-03:00	[    INFO]	======END======
2023-09-25T15:17:46.763336-03:00	[    INFO]	=====START=====
2023-09-25T15:17:46.767338-03:00	[    INFO]	Buscando os arquivos no formato: 'app.js'
2023-09-25T15:17:46.767824-03:00	[    INFO]	======END======
2023-09-25T15:17:49.201835-03:00	[    INFO]	=====START=====
2023-09-25T15:17:49.207204-03:00	[    INFO]	Buscando os arquivos no formato: 'app.js'
2023-09-25T15:17:49.207873-03:00	[    INFO]	======END======
2023-09-25T15:18:23.546285-03:00	[    INFO]	=====START=====
2023-09-25T15:18:23.550213-03:00	[    INFO]	Buscando os arquivos no formato: 'app.js'
2023-09-25T15:18:23.550783-03:00	[    INFO]	======END======
2023-09-25T15:18:39.030211-03:00	[    INFO]	=====START=====
2023-09-25T15:18:39.033320-03:00	[    INFO]	Buscando os arquivos no formato: 'app.js'
2023-09-25T15:18:39.033710-03:00	[    INFO]	======END======
2023-09-25T15:18:40.378769-03:00	[    INFO]	=====START=====
2023-09-25T15:18:40.381647-03:00	[    INFO]	Buscando os arquivos no formato: 'app.js'
2023-09-25T15:18:40.382035-03:00	[    INFO]	======END======
2023-09-25T15:20:35.709285-03:00	[    INFO]	=====START=====
2023-09-25T15:20:35.712245-03:00	[    INFO]	Buscando os arquivos no formato: 'app.js'
2023-09-25T15:20:35.712645-03:00	[    INFO]	======END======
2023-09-25T15:20:36.856349-03:00	[    INFO]	=====START=====
2023-09-25T15:20:36.859119-03:00	[    INFO]	Buscando os arquivos no formato: 'app.js'
2023-09-25T15:20:36.859459-03:00	[    INFO]	======END======
2023-09-25T15:21:35.589956-03:00	[    INFO]	=====START=====
2023-09-25T15:21:35.593082-03:00	[    INFO]	Buscando os arquivos no formato: 'app.js'
2023-09-25T15:21:35.593437-03:00	[    INFO]	======END======
2023-09-25T15:21:56.984987-03:00	[    INFO]	=====START=====
2023-09-25T15:21:56.987865-03:00	[    INFO]	Buscando os arquivos no formato: 'app.js'
2023-09-25T15:21:56.988315-03:00	[    INFO]	======END======
2023-09-25T15:22:32.677027-03:00	[    INFO]	=====START=====
2023-09-25T15:22:32.682768-03:00	[    INFO]	Buscando os arquivos no formato: 'app.js'
2023-09-25T15:22:32.683359-03:00	[    INFO]	======END======
2023-09-25T15:24:13.982172-03:00	[    INFO]	=====START=====
2023-09-25T15:24:13.986551-03:00	[    INFO]	Buscando os arquivos no formato: 'app.js'
2023-09-25T15:24:13.987082-03:00	[    INFO]	======END======
2023-09-25T15:24:20.037034-03:00	[    INFO]	=====START=====
2023-09-25T15:24:20.041715-03:00	[    INFO]	Buscando os arquivos no formato: 'app.js'
2023-09-25T15:24:20.042184-03:00	[    INFO]	======END======
2023-09-25T15:44:53.770689-03:00	[    INFO]	=====START=====
2023-09-25T15:44:53.773413-03:00	[    INFO]	Buscando os arquivos no formato: 'app.js'
2023-09-25T15:44:53.773745-03:00	[    INFO]	======END======
2023-09-25T15:45:55.289344-03:00	[    INFO]	=====START=====
2023-09-25T15:45:55.292469-03:00	[    INFO]	Buscando os arquivos no formato: 'app.js'
2023-09-25T15:45:55.292759-03:00	[    INFO]	Movendo os arquivos <DirEntry 'app.js'>
2023-09-25T15:45:55.292922-03:00	[    INFO]	======END======
2023-09-25T15:46:07.945666-03:00	[    INFO]	=====START=====
2023-09-25T15:46:07.948457-03:00	[    INFO]	Buscando os arquivos no formato: 'app.js'
2023-09-25T15:46:07.948808-03:00	[    INFO]	Movendo os arquivos ./abc/app.js
2023-09-25T15:46:07.949003-03:00	[    INFO]	======END======
2023-09-25T15:46:15.083132-03:00	[    INFO]	=====START=====
2023-09-25T15:46:15.086836-03:00	[    INFO]	Buscando os arquivos no formato: 'app.js'
2023-09-25T15:46:15.087204-03:00	[    INFO]	Movendo os arquivos app.js
2023-09-25T15:46:15.087393-03:00	[    INFO]	======END======
2023-09-25T15:46:59.252268-03:00	[    INFO]	=====START=====
2023-09-25T15:46:59.255038-03:00	[    INFO]	Buscando os arquivos no formato: 'app.js'
2023-09-25T15:46:59.255376-03:00	[    INFO]	Movendo os arquivos app.js
2023-09-25T15:46:59.255559-03:00	[    INFO]	======END======
2023-09-25T15:47:39.574162-03:00	[    INFO]	=====START=====
2023-09-25T15:47:39.577279-03:00	[    INFO]	Buscando os arquivos no formato: 'app.js'
2023-09-25T15:47:39.577621-03:00	[    INFO]	Movendo os arquivos app.js
2023-09-25T15:47:39.577784-03:00	[    INFO]	======END======
2023-09-25T15:47:55.573903-03:00	[    INFO]	=====START=====
2023-09-25T15:47:55.576722-03:00	[    INFO]	Buscando os arquivos no formato: 'app.js'
2023-09-25T15:47:55.577042-03:00	[    INFO]	Movendo os arquivos app.js
2023-09-25T15:47:55.577213-03:00	[    INFO]	======END======
2023-09-25T15:47:57.643359-03:00	[    INFO]	=====START=====
2023-09-25T15:47:57.647008-03:00	[    INFO]	Buscando os arquivos no formato: 'app.js'
2023-09-25T15:47:57.647381-03:00	[    INFO]	Movendo os arquivos app.js
2023-09-25T15:47:57.647549-03:00	[    INFO]	======END======
2023-09-25T15:47:59.031967-03:00	[    INFO]	=====START=====
2023-09-25T15:47:59.034784-03:00	[    INFO]	Buscando os arquivos no formato: 'app.js'
2023-09-25T15:47:59.035118-03:00	[    INFO]	Movendo os arquivos app.js
2023-09-25T15:47:59.035305-03:00	[    INFO]	======END======
2023-09-25T15:48:33.959620-03:00	[    INFO]	=====START=====
2023-09-25T15:48:33.962658-03:00	[    INFO]	Buscando os arquivos no formato: 'app.js'
2023-09-25T15:48:33.963007-03:00	[   ERROR]	MoveFiles.moveFiles() takes 1 positional argument but 2 were given
Traceback (most recent call last):
  File "/home/lucas/Dev/python/scripts/move_files.py", line 127, in main
    moveFiles = MoveFiles(
                ^^^^^^^^^^
  File "/home/lucas/Dev/python/scripts/move_files.py", line 37, in __init__
    self.moveFiles()
  File "/home/lucas/Dev/python/scripts/move_files.py", line 56, in moveFiles
    self.moveFiles(file.name)
TypeError: MoveFiles.moveFiles() takes 1 positional argument but 2 were given
2023-09-25T15:48:33.966100-03:00	[    INFO]	======END======
2023-09-25T15:48:47.776898-03:00	[    INFO]	=====START=====
2023-09-25T15:48:47.779927-03:00	[    INFO]	Buscando os arquivos no formato: 'app.js'
2023-09-25T15:48:47.780396-03:00	[    INFO]	======END======
2023-09-25T15:49:33.491566-03:00	[    INFO]	=====START=====
2023-09-25T15:49:33.494304-03:00	[    INFO]	Buscando os arquivos no formato: 'app.js'
2023-09-25T15:49:33.494651-03:00	[    INFO]	======END======
2023-09-25T15:50:04.477810-03:00	[    INFO]	=====START=====
2023-09-25T15:50:04.480786-03:00	[    INFO]	Buscando os arquivos no formato: 'app.js'
2023-09-25T15:50:04.481155-03:00	[    INFO]	Movendo os arquivos ['./abc/app.js']
2023-09-25T15:50:04.481344-03:00	[   ERROR]	'MoveFiles' object has no attribute 'files_to_move'
2023-09-25T15:50:04.481500-03:00	[    INFO]	======END======
2023-09-25T15:50:11.609676-03:00	[    INFO]	=====START=====
2023-09-25T15:50:11.612595-03:00	[    INFO]	Buscando os arquivos no formato: 'app.js'
2023-09-25T15:50:11.612936-03:00	[    INFO]	Movendo os arquivos ['./abc/app.js']
2023-09-25T15:50:11.613062-03:00	[    INFO]	======END======
2023-09-25T16:29:32.875325-03:00	[    INFO]	=====START=====
2023-09-25T16:29:32.878182-03:00	[    INFO]	Buscando os arquivos no formato: 'app.js'
2023-09-25T16:29:32.878499-03:00	[    INFO]	Movendo os arquivos ['./abc/app.js'], para ./wyz
2023-09-25T16:29:32.878656-03:00	[    INFO]	======END======
2023-09-25T16:29:46.252764-03:00	[    INFO]	=====START=====
2023-09-25T16:29:46.257435-03:00	[    INFO]	Buscando os arquivos no formato: 'app.js'
2023-09-25T16:29:46.257879-03:00	[    INFO]	Movendo os arquivos [<DirEntry 'app.js'>], para ./wyz
2023-09-25T16:29:46.258060-03:00	[    INFO]	======END======
2023-09-25T16:29:52.806293-03:00	[    INFO]	=====START=====
2023-09-25T16:29:52.809038-03:00	[    INFO]	Buscando os arquivos no formato: 'app.js'
2023-09-25T16:29:52.809358-03:00	[    INFO]	Movendo os arquivos ['app.js'], para ./wyz
2023-09-25T16:29:52.809488-03:00	[    INFO]	======END======
2023-09-25T16:33:38.427385-03:00	[    INFO]	=====START=====
2023-09-25T16:33:38.430253-03:00	[    INFO]	Buscando os arquivos no formato: 'app.[a-z][a-z]'
2023-09-25T16:33:38.430757-03:00	[    INFO]	Movendo os arquivos ['app.js', 'app.ts', 'app.rb'], para ./wyz
2023-09-25T16:33:38.430909-03:00	[    INFO]	======END======
2023-09-25T16:33:40.796354-03:00	[    INFO]	=====START=====
2023-09-25T16:33:40.799369-03:00	[    INFO]	Buscando os arquivos no formato: 'app.[a-z][a-z]'
2023-09-25T16:33:40.799858-03:00	[    INFO]	Movendo os arquivos ['app.js', 'app.ts', 'app.rb'], para ./wyz
2023-09-25T16:33:40.800013-03:00	[    INFO]	======END======
2023-09-25T16:33:44.107611-03:00	[    INFO]	=====START=====
2023-09-25T16:33:44.112343-03:00	[    INFO]	Buscando os arquivos no formato: 'app.[a-z][a-z]'
2023-09-25T16:33:44.112975-03:00	[    INFO]	Movendo os arquivos ['app.js', 'app.ts', 'app.rb'], para ./wyz
2023-09-25T16:33:44.113188-03:00	[    INFO]	======END======
2023-09-25T16:34:57.425285-03:00	[    INFO]	=====START=====
2023-09-25T16:34:57.427979-03:00	[    INFO]	Buscando os arquivos no formato: 'app.[a-z][a-z]'
2023-09-25T16:34:57.428431-03:00	[    INFO]	Movendo os arquivos ['app.js', 'app.ts', 'app.rb'], para ./wyz
2023-09-25T16:34:57.428554-03:00	[    INFO]	======END======
2023-09-25T16:37:30.966695-03:00	[    INFO]	=====START=====
2023-09-25T16:37:30.971352-03:00	[    INFO]	Buscando os arquivos no formato: 'app.[a-z][a-z]'
2023-09-25T16:37:30.971975-03:00	[    INFO]	Movendo os arquivos ['app.js', 'app.ts', 'app.rb'], para ./wyz
2023-09-25T16:37:30.972262-03:00	[   ERROR]	stat: path should be string, bytes, os.PathLike or integer, not list
Traceback (most recent call last):
  File "/home/lucas/Dev/python/scripts/move_files.py", line 131, in main
    moveFiles = MoveFiles(
                ^^^^^^^^^^
  File "/home/lucas/Dev/python/scripts/move_files.py", line 36, in __init__
    self.moveFiles()
  File "/home/lucas/Dev/python/scripts/move_files.py", line 60, in moveFiles
    self.moveFiles2(files_to_move)
  File "/home/lucas/Dev/python/scripts/move_files.py", line 66, in moveFiles2
    shutil.move(filesTomove, self.destination_folder)
  File "/usr/lib/python3.11/shutil.py", line 812, in move
    if _samefile(src, dst):
       ^^^^^^^^^^^^^^^^^^^
  File "/usr/lib/python3.11/shutil.py", line 212, in _samefile
    return os.path.samefile(src, dst)
           ^^^^^^^^^^^^^^^^^^^^^^^^^^
  File "<frozen genericpath>", line 100, in samefile
TypeError: stat: path should be string, bytes, os.PathLike or integer, not list
2023-09-25T16:37:30.976820-03:00	[    INFO]	======END======
2023-09-25T16:40:22.402928-03:00	[    INFO]	=====START=====
2023-09-25T16:40:22.408837-03:00	[    INFO]	Buscando os arquivos no formato: 'app.[a-z][a-z]'
2023-09-25T16:40:22.409843-03:00	[    INFO]	Movendo os arquivos ['app.js', 'app.ts', 'app.rb'], para ./wyz
2023-09-25T16:40:22.410685-03:00	[   ERROR]	stat: path should be string, bytes, os.PathLike or integer, not list
Traceback (most recent call last):
  File "/home/lucas/Dev/python/scripts/move_files.py", line 131, in main
    moveFiles = MoveFiles(
                ^^^^^^^^^^
  File "/home/lucas/Dev/python/scripts/move_files.py", line 36, in __init__
    self.moveFiles()
  File "/home/lucas/Dev/python/scripts/move_files.py", line 64, in moveFiles
    shutil.move(files_to_move, self.destination_folder)
  File "/usr/lib/python3.11/shutil.py", line 812, in move
    if _samefile(src, dst):
       ^^^^^^^^^^^^^^^^^^^
  File "/usr/lib/python3.11/shutil.py", line 212, in _samefile
    return os.path.samefile(src, dst)
           ^^^^^^^^^^^^^^^^^^^^^^^^^^
  File "<frozen genericpath>", line 100, in samefile
TypeError: stat: path should be string, bytes, os.PathLike or integer, not list
2023-09-25T16:40:22.421475-03:00	[    INFO]	======END======
2023-09-25T16:40:34.349967-03:00	[    INFO]	=====START=====
2023-09-25T16:40:34.352807-03:00	[    INFO]	Buscando os arquivos no formato: 'app.[a-z][a-z]'
2023-09-25T16:40:34.353253-03:00	[    INFO]	Movendo os arquivos ['app.js', 'app.ts', 'app.rb'], para ./wyz
2023-09-25T16:40:34.353431-03:00	[   ERROR]	stat: path should be string, bytes, os.PathLike or integer, not list
Traceback (most recent call last):
  File "/home/lucas/Dev/python/scripts/move_files.py", line 131, in main
    moveFiles = MoveFiles(
                ^^^^^^^^^^
  File "/home/lucas/Dev/python/scripts/move_files.py", line 36, in __init__
    self.moveFiles()
  File "/home/lucas/Dev/python/scripts/move_files.py", line 64, in moveFiles
    shutil.move(files_to_move, self.destination_folder)
  File "/usr/lib/python3.11/shutil.py", line 812, in move
    if _samefile(src, dst):
       ^^^^^^^^^^^^^^^^^^^
  File "/usr/lib/python3.11/shutil.py", line 212, in _samefile
    return os.path.samefile(src, dst)
           ^^^^^^^^^^^^^^^^^^^^^^^^^^
  File "<frozen genericpath>", line 100, in samefile
TypeError: stat: path should be string, bytes, os.PathLike or integer, not list
2023-09-25T16:40:34.356059-03:00	[    INFO]	======END======
2023-09-25T16:41:53.678444-03:00	[    INFO]	=====START=====
2023-09-25T16:41:53.681281-03:00	[    INFO]	Buscando os arquivos no formato: 'app.[a-z][a-z]'
2023-09-25T16:41:53.681710-03:00	[    INFO]	Movendo os arquivos ['app.js', 'app.ts', 'app.rb'], para ./wyz
2023-09-25T16:41:53.681930-03:00	[    INFO]	======END======
2023-09-25T16:42:13.795645-03:00	[    INFO]	=====START=====
2023-09-25T16:42:13.798691-03:00	[   ERROR]	./abc Is Not Directory.
Traceback (most recent call last):
  File "/home/lucas/Dev/python/scripts/move_files.py", line 131, in main
    moveFiles = MoveFiles(
                ^^^^^^^^^^
  File "/home/lucas/Dev/python/scripts/move_files.py", line 25, in __init__
    raise ValueError(f"{source_folder} Is Not Directory.")
ValueError: ./abc Is Not Directory.
2023-09-25T16:42:13.800931-03:00	[    INFO]	======END======
2023-09-25T16:42:16.173606-03:00	[    INFO]	=====START=====
2023-09-25T16:42:16.176495-03:00	[   ERROR]	./abc Is Not Directory.
Traceback (most recent call last):
  File "/home/lucas/Dev/python/scripts/move_files.py", line 131, in main
    moveFiles = MoveFiles(
                ^^^^^^^^^^
  File "/home/lucas/Dev/python/scripts/move_files.py", line 25, in __init__
    raise ValueError(f"{source_folder} Is Not Directory.")
ValueError: ./abc Is Not Directory.
2023-09-25T16:42:16.178801-03:00	[    INFO]	======END======
2023-09-25T16:44:09.585071-03:00	[    INFO]	=====START=====
2023-09-25T16:44:09.587767-03:00	[    INFO]	Buscando os arquivos no formato: 'app.[a-z][a-z]'
2023-09-25T16:44:09.588264-03:00	[    INFO]	Movendo os arquivos ['app.js'], para ./wyz
2023-09-25T16:44:09.588473-03:00	[   ERROR]	[Errno 2] No such file or directory: './abc' -> './wyz'
Traceback (most recent call last):
  File "/home/lucas/Dev/python/scripts/move_files.py", line 132, in main
    moveFiles = MoveFiles(
                ^^^^^^^^^^
  File "/home/lucas/Dev/python/scripts/move_files.py", line 36, in __init__
    self.moveFiles()
  File "/home/lucas/Dev/python/scripts/move_files.py", line 65, in moveFiles
    os.rename(self.source_folder, self.destination_folder)
FileNotFoundError: [Errno 2] No such file or directory: './abc' -> './wyz'
2023-09-25T16:44:09.591338-03:00	[    INFO]	======END======
2023-09-25T16:47:37.593393-03:00	[    INFO]	=====START=====
2023-09-25T16:47:37.596431-03:00	[   ERROR]	./abc Is Not Directory.
Traceback (most recent call last):
  File "/home/lucas/Dev/python/scripts/move_files.py", line 131, in main
    moveFiles = MoveFiles(
                ^^^^^^^^^^
  File "/home/lucas/Dev/python/scripts/move_files.py", line 25, in __init__
    raise ValueError(f"{source_folder} Is Not Directory.")
ValueError: ./abc Is Not Directory.
2023-09-25T16:47:37.598370-03:00	[    INFO]	======END======
2023-09-25T16:47:56.547820-03:00	[    INFO]	=====START=====
2023-09-25T16:47:56.550952-03:00	[    INFO]	Buscando os arquivos no formato: 'app.[a-z][a-z]'
2023-09-25T16:47:56.551789-03:00	[    INFO]	Movendo os arquivos ['app.js', 'app.ts', 'app.rb'], para ./wyz
2023-09-25T16:47:56.552019-03:00	[    INFO]	======END======
2023-09-25T16:48:51.355231-03:00	[    INFO]	=====START=====
2023-09-25T16:48:51.358243-03:00	[    INFO]	Buscando os arquivos no formato: 'app.[a-z][a-z]'
2023-09-25T16:48:51.358583-03:00	[    INFO]	======END======
2023-09-25T16:50:00.799853-03:00	[    INFO]	=====START=====
2023-09-25T16:50:00.802662-03:00	[    INFO]	Buscando os arquivos no formato: 'app.[a-z][a-z]'
2023-09-25T16:50:00.802943-03:00	[    INFO]	Não exixtem arquivos no formato informado: 'app.[a-z][a-z]'
2023-09-25T16:50:00.803078-03:00	[    INFO]	======END======
2023-09-25T16:50:29.215867-03:00	[    INFO]	=====START=====
2023-09-25T16:50:29.218553-03:00	[    INFO]	Buscando os arquivos no formato: 'app.[a-z][a-z]'
2023-09-25T16:50:29.218871-03:00	[    INFO]	Não exixtem arquivos no formato informado: 'app.[a-z][a-z]'
2023-09-25T16:50:29.219000-03:00	[    INFO]	======END======
2023-09-25T16:50:33.119764-03:00	[    INFO]	=====START=====
2023-09-25T16:50:33.122499-03:00	[    INFO]	Buscando os arquivos no formato: 'app.[a-z][a-z]?'
2023-09-25T16:50:33.122929-03:00	[    INFO]	Não exixtem arquivos no formato informado: 'app.[a-z][a-z]?'
2023-09-25T16:50:33.123106-03:00	[    INFO]	======END======
2023-09-25T16:50:53.315897-03:00	[    INFO]	=====START=====
2023-09-25T16:50:53.318627-03:00	[    INFO]	Buscando os arquivos no formato: 'app.[a-z][a-z]?'
2023-09-25T16:50:53.318893-03:00	[    INFO]	======END======
2023-09-25T16:51:05.203645-03:00	[    INFO]	=====START=====
2023-09-25T16:51:05.206379-03:00	[    INFO]	Buscando os arquivos no formato: 'app.[a-z][a-z]?'
2023-09-25T16:51:05.206665-03:00	[    INFO]	======END======
2023-09-25T16:51:25.404242-03:00	[    INFO]	=====START=====
2023-09-25T16:51:25.407112-03:00	[    INFO]	Buscando os arquivos no formato: 'app.[a-z][a-z]?'
2023-09-25T16:51:25.407445-03:00	[    INFO]	======END======
2023-09-25T16:52:02.682145-03:00	[    INFO]	=====START=====
2023-09-25T16:52:02.685141-03:00	[    INFO]	Buscando os arquivos no formato: 'app.[a-z][a-z]?'
2023-09-25T16:52:02.685430-03:00	[    INFO]	Não foram encontrados arquivos no formato informado: app.[a-z][a-z]?
2023-09-25T16:52:02.685555-03:00	[    INFO]	======END======
2023-09-25T20:29:24.385331-03:00	[    INFO]	=====START=====
2023-09-25T20:29:24.388031-03:00	[    INFO]	Buscando os arquivos no formato: 'app.[a-z][a-z]?'
2023-09-25T20:29:24.388354-03:00	[    INFO]	Não foram encontrados arquivos no formato informado: app.[a-z][a-z]?
2023-09-25T20:29:24.388495-03:00	[    INFO]	======END======
2023-09-25T20:29:25.800569-03:00	[    INFO]	=====START=====
2023-09-25T20:29:25.803286-03:00	[    INFO]	Buscando os arquivos no formato: 'app.[a-z][a-z]?'
2023-09-25T20:29:25.803557-03:00	[    INFO]	Não foram encontrados arquivos no formato informado: app.[a-z][a-z]?
2023-09-25T20:29:25.803706-03:00	[    INFO]	======END======
2023-09-25T20:29:46.462511-03:00	[    INFO]	=====START=====
2023-09-25T20:29:46.465335-03:00	[    INFO]	Buscando os arquivos no formato: 'app.[a-z][a-z]?'
2023-09-25T20:29:46.466032-03:00	[    INFO]	Não foram encontrados arquivos no formato informado: app.[a-z][a-z]?
2023-09-25T20:29:46.466206-03:00	[    INFO]	======END======
2023-09-25T20:30:14.220920-03:00	[    INFO]	=====START=====
2023-09-25T20:30:14.224058-03:00	[    INFO]	Buscando os arquivos no formato: 'app.[a-z][a-z]?'
2023-09-25T20:30:14.225067-03:00	[    INFO]	Não foram encontrados arquivos no formato informado: app.[a-z][a-z]?
2023-09-25T20:30:14.225340-03:00	[    INFO]	======END======
2023-09-25T20:32:29.759450-03:00	[    INFO]	=====START=====
2023-09-25T20:32:29.762259-03:00	[    INFO]	Buscando os arquivos no formato: 'app.[a-z][a-z]?'
2023-09-25T20:32:29.762577-03:00	[    INFO]	======END======
2023-09-25T20:32:43.551365-03:00	[    INFO]	=====START=====
2023-09-25T20:32:43.554762-03:00	[    INFO]	Buscando os arquivos no formato: 'app.[a-z][a-z]?'
2023-09-25T20:32:43.555101-03:00	[    INFO]	======END======
2023-09-25T20:32:56.701058-03:00	[    INFO]	=====START=====
2023-09-25T20:32:56.703998-03:00	[    INFO]	Buscando os arquivos no formato: 'app.[a-z][a-z]?'
2023-09-25T20:32:56.704492-03:00	[   ERROR]	Destination path './wyz/app.js' already exists
Traceback (most recent call last):
  File "/home/lucas/Dev/python/scripts/move_files.py", line 128, in main
    moveFiles = MoveFiles(
                ^^^^^^^^^^
  File "/home/lucas/Dev/python/scripts/move_files.py", line 36, in __init__
    self.moveFiles()
  File "/home/lucas/Dev/python/scripts/move_files.py", line 59, in moveFiles
    shutil.move(file.path, self.destination_folder)
  File "/usr/lib/python3.11/shutil.py", line 823, in move
    raise Error("Destination path '%s' already exists" % real_dst)
shutil.Error: Destination path './wyz/app.js' already exists
2023-09-25T20:32:56.707165-03:00	[    INFO]	======END======
2023-09-25T20:33:06.629229-03:00	[    INFO]	=====START=====
2023-09-25T20:33:06.632007-03:00	[    INFO]	Buscando os arquivos no formato: 'app.[a-z][a-z]?'
2023-09-25T20:33:06.632829-03:00	[    INFO]	======END======
2023-09-25T20:33:33.286001-03:00	[    INFO]	=====START=====
2023-09-25T20:33:33.288753-03:00	[    INFO]	Buscando os arquivos no formato: 'app.[a-z][a-z]?'
2023-09-25T20:33:33.289057-03:00	[    INFO]	======END======
2023-09-25T20:34:02.005830-03:00	[    INFO]	=====START=====
2023-09-25T20:34:02.008710-03:00	[    INFO]	Buscando os arquivos no formato: 'app.[a-z][a-z]?'
2023-09-25T20:34:02.009027-03:00	[    INFO]	Não foram encontrados arquivos no formato informado: app.[a-z][a-z]?
2023-09-25T20:34:02.009147-03:00	[    INFO]	Não foram encontrados arquivos no formato informado: app.[a-z][a-z]?
2023-09-25T20:34:02.009327-03:00	[    INFO]	======END======
2023-09-25T20:34:16.133012-03:00	[    INFO]	=====START=====
2023-09-25T20:34:16.135705-03:00	[    INFO]	Buscando os arquivos no formato: 'app.[a-z][a-z]?'
2023-09-25T20:34:16.136397-03:00	[    INFO]	Não foram encontrados arquivos no formato informado: app.[a-z][a-z]?
2023-09-25T20:34:16.136574-03:00	[    INFO]	Não foram encontrados arquivos no formato informado: app.[a-z][a-z]?
2023-09-25T20:34:16.136879-03:00	[    INFO]	======END======
2023-09-25T20:34:54.884436-03:00	[    INFO]	=====START=====
2023-09-25T20:34:54.887271-03:00	[    INFO]	Buscando os arquivos no formato: 'app.[a-z][a-z]?'
2023-09-25T20:34:54.887557-03:00	[    INFO]	Não foram encontrados arquivos no formato informado: app.[a-z][a-z]?
2023-09-25T20:34:54.887691-03:00	[    INFO]	Não foram encontrados arquivos no formato informado: app.[a-z][a-z]?
2023-09-25T20:34:54.887811-03:00	[    INFO]	======END======
2023-09-25T20:35:12.529893-03:00	[    INFO]	=====START=====
2023-09-25T20:35:12.532675-03:00	[    INFO]	Buscando os arquivos no formato: 'app.[a-z][a-z]?'
2023-09-25T20:35:12.533345-03:00	[    INFO]	Não foram encontrados arquivos no formato informado: app.[a-z][a-z]?
2023-09-25T20:35:12.533507-03:00	[    INFO]	Não foram encontrados arquivos no formato informado: app.[a-z][a-z]?
2023-09-25T20:35:12.533792-03:00	[    INFO]	======END======
2023-09-25T20:35:44.128509-03:00	[    INFO]	=====START=====
2023-09-25T20:35:44.131195-03:00	[    INFO]	Buscando os arquivos no formato: 'app.[a-z][a-z]?'
2023-09-25T20:35:44.131483-03:00	[    INFO]	Não foram encontrados arquivos no formato informado: app.[a-z][a-z]?
2023-09-25T20:35:44.131607-03:00	[    INFO]	======END======
2023-09-25T20:35:57.558472-03:00	[    INFO]	=====START=====
2023-09-25T20:35:57.561427-03:00	[    INFO]	Buscando os arquivos no formato: 'app.[a-z][a-z]?'
2023-09-25T20:35:57.561706-03:00	[    INFO]	======END======
2023-09-25T20:36:29.323690-03:00	[    INFO]	=====START=====
2023-09-25T20:36:29.326677-03:00	[    INFO]	======END======
2023-09-25T20:36:51.865753-03:00	[    INFO]	=====START=====
2023-09-25T20:36:51.868745-03:00	[    INFO]	Buscando os arquivos no formato: 'app.[a-z][a-z]?'
2023-09-25T20:36:51.868938-03:00	[    INFO]	======END======
2023-09-25T20:37:17.125050-03:00	[    INFO]	=====START=====
2023-09-25T20:37:17.128359-03:00	[    INFO]	Buscando os arquivos no formato: 'app.[a-z][a-z]?'
2023-09-25T20:37:17.128550-03:00	[    INFO]	======END======
2023-09-25T20:37:18.260166-03:00	[    INFO]	=====START=====
2023-09-25T20:37:18.263017-03:00	[    INFO]	Buscando os arquivos no formato: 'app.[a-z][a-z]?'
2023-09-25T20:37:18.263209-03:00	[    INFO]	======END======
2023-09-25T20:37:19.353407-03:00	[    INFO]	=====START=====
2023-09-25T20:37:19.356198-03:00	[    INFO]	Buscando os arquivos no formato: 'app.[a-z][a-z]?'
2023-09-25T20:37:19.356386-03:00	[    INFO]	======END======
2023-09-25T20:38:49.834759-03:00	[    INFO]	=====START=====
2023-09-25T20:38:49.837976-03:00	[    INFO]	Buscando os arquivos no formato: 'app.[a-z][a-z]?'
2023-09-25T20:38:49.838221-03:00	[    INFO]	======END======
2023-09-25T20:39:40.370885-03:00	[    INFO]	=====START=====
2023-09-25T20:39:40.373872-03:00	[    INFO]	Buscando os arquivos no formato: 'app.[a-z][a-z]?'
2023-09-25T20:39:40.374123-03:00	[    INFO]	======END======
2023-09-25T20:40:01.365609-03:00	[    INFO]	=====START=====
2023-09-25T20:40:01.369149-03:00	[    INFO]	Buscando os arquivos no formato: 'app.[a-z][a-z]?'
2023-09-25T20:40:01.369420-03:00	[    INFO]	======END======
2023-09-25T20:40:07.859560-03:00	[    INFO]	=====START=====
2023-09-25T20:40:07.862422-03:00	[    INFO]	Buscando os arquivos no formato: 'app.[a-z][a-z]?'
2023-09-25T20:40:07.862666-03:00	[    INFO]	======END======
2023-09-25T20:40:09.840123-03:00	[    INFO]	=====START=====
2023-09-25T20:40:09.842972-03:00	[    INFO]	Buscando os arquivos no formato: 'app.[a-z][a-z]?'
2023-09-25T20:40:09.843228-03:00	[    INFO]	======END======
2023-09-25T20:40:41.998318-03:00	[    INFO]	=====START=====
2023-09-25T20:40:42.001312-03:00	[    INFO]	Buscando os arquivos no formato: 'app.[a-z][a-z]?'
2023-09-25T20:40:42.002243-03:00	[    INFO]	======END======
2023-09-25T20:41:16.620936-03:00	[    INFO]	=====START=====
2023-09-25T20:41:16.623796-03:00	[    INFO]	Buscando os arquivos no formato: 'app.[a-z][a-z]?'
2023-09-25T20:41:16.624048-03:00	[    INFO]	======END======
2023-09-25T20:41:39.268387-03:00	[    INFO]	=====START=====
2023-09-25T20:41:39.271200-03:00	[    INFO]	Buscando os arquivos no formato: 'app.[a-z][a-z]?'
2023-09-25T20:41:39.271644-03:00	[    INFO]	======END======
2023-09-25T20:43:00.066266-03:00	[    INFO]	=====START=====
2023-09-25T20:43:00.069552-03:00	[    INFO]	Buscando os arquivos no formato: 'app.[a-z][a-z]?'
2023-09-25T20:43:00.069852-03:00	[    INFO]	Movendo os arquivos []
2023-09-25T20:43:00.070052-03:00	[    INFO]	Movendo os arquivos ['app.js']
2023-09-25T20:43:00.070250-03:00	[    INFO]	Movendo os arquivos ['app.js', 'app.ts']
2023-09-25T20:43:00.070446-03:00	[    INFO]	Movendo os arquivos ['app.js', 'app.ts', 'app.rb']
2023-09-25T20:43:00.070578-03:00	[    INFO]	======END======
2023-09-25T20:44:35.415414-03:00	[    INFO]	=====START=====
2023-09-25T20:44:35.418893-03:00	[    INFO]	Buscando os arquivos no formato: 'app.[a-z][a-z]?'
2023-09-25T20:44:35.419203-03:00	[    INFO]	Movendo os arquivos ./abc/app.js
2023-09-25T20:44:35.419360-03:00	[    INFO]	Movendo os arquivos []
2023-09-25T20:44:35.419584-03:00	[    INFO]	Movendo os arquivos ./abc/app.ts
2023-09-25T20:44:35.419710-03:00	[    INFO]	Movendo os arquivos ['app.js']
2023-09-25T20:44:35.419889-03:00	[    INFO]	Movendo os arquivos ./abc/app.rb
2023-09-25T20:44:35.420014-03:00	[    INFO]	Movendo os arquivos ['app.js', 'app.ts']
2023-09-25T20:44:35.420356-03:00	[    INFO]	Movendo os arquivos ./abc/app.c
2023-09-25T20:44:35.420465-03:00	[    INFO]	Movendo os arquivos ['app.js', 'app.ts', 'app.rb']
2023-09-25T20:44:35.420579-03:00	[    INFO]	======END======
2023-09-25T20:44:50.250940-03:00	[    INFO]	=====START=====
2023-09-25T20:44:50.253870-03:00	[    INFO]	Buscando os arquivos no formato: 'app.[a-z][a-z]?'
2023-09-25T20:44:50.254137-03:00	[    INFO]	Movendo os arquivos ./abc/app.js
2023-09-25T20:44:50.254344-03:00	[    INFO]	Movendo os arquivos ./abc/app.ts
2023-09-25T20:44:50.254581-03:00	[    INFO]	Movendo os arquivos ./abc/app.rb
2023-09-25T20:44:50.254781-03:00	[    INFO]	Movendo os arquivos ./abc/app.c
2023-09-25T20:44:50.254921-03:00	[    INFO]	======END======
2023-09-25T20:44:59.585461-03:00	[    INFO]	=====START=====
2023-09-25T20:44:59.589016-03:00	[    INFO]	Buscando os arquivos no formato: 'app.[a-z][a-z]?'
2023-09-25T20:44:59.589316-03:00	[    INFO]	Movendo os arquivos ./abc/app.js
2023-09-25T20:44:59.589494-03:00	[    INFO]	Movendo os arquivos ./abc/app.ts
2023-09-25T20:44:59.589725-03:00	[    INFO]	Movendo os arquivos ./abc/app.rb
2023-09-25T20:44:59.589914-03:00	[    INFO]	Movendo os arquivos ./abc/app.c
2023-09-25T20:44:59.590044-03:00	[    INFO]	======END======
2023-09-25T20:45:39.501762-03:00	[    INFO]	=====START=====
2023-09-25T20:45:39.504633-03:00	[    INFO]	Buscando os arquivos no formato: 'app.[a-z][a-z]?'
2023-09-25T20:45:39.504916-03:00	[    INFO]	Movendo os arquivos ./abc/app.js
2023-09-25T20:45:39.505100-03:00	[    INFO]	Movendo os arquivos ./abc/app.ts
2023-09-25T20:45:39.505331-03:00	[    INFO]	Movendo os arquivos ./abc/app.rb
2023-09-25T20:45:39.505520-03:00	[    INFO]	Movendo os arquivos ./abc/app.c
2023-09-25T20:45:39.505668-03:00	[    INFO]	======END======
2023-09-25T20:45:51.486236-03:00	[    INFO]	=====START=====
2023-09-25T20:45:51.489690-03:00	[    INFO]	Buscando os arquivos no formato: 'app.[a-z][a-z]?'
2023-09-25T20:45:51.490102-03:00	[    INFO]	Movendo os arquivos ['./abc/app.js']
2023-09-25T20:45:51.490366-03:00	[    INFO]	Movendo os arquivos ['./abc/app.js', './abc/app.ts']
2023-09-25T20:45:51.490595-03:00	[    INFO]	Movendo os arquivos ['./abc/app.js', './abc/app.ts', './abc/app.rb']
2023-09-25T20:45:51.490794-03:00	[    INFO]	Movendo os arquivos ['./abc/app.js', './abc/app.ts', './abc/app.rb', './abc/app.c']
2023-09-25T20:45:51.490927-03:00	[    INFO]	======END======
2023-09-25T20:46:05.611928-03:00	[    INFO]	=====START=====
2023-09-25T20:46:05.614760-03:00	[    INFO]	Buscando os arquivos no formato: 'app.[a-z][a-z]?'
2023-09-25T20:46:05.615024-03:00	[    INFO]	Movendo os arquivos ['./abc/app.js']
2023-09-25T20:46:05.615219-03:00	[    INFO]	Movendo os arquivos ['./abc/app.js', './abc/app.ts']
2023-09-25T20:46:05.615417-03:00	[    INFO]	Movendo os arquivos ['./abc/app.js', './abc/app.ts', './abc/app.rb']
2023-09-25T20:46:05.615606-03:00	[    INFO]	Movendo os arquivos ['./abc/app.js', './abc/app.ts', './abc/app.rb', './abc/app.c']
2023-09-25T20:46:05.615724-03:00	[    INFO]	======END======
2023-09-25T20:46:33.704067-03:00	[    INFO]	=====START=====
2023-09-25T20:46:33.707035-03:00	[    INFO]	Buscando os arquivos no formato: 'app.[a-z][a-z]?'
2023-09-25T20:46:33.707349-03:00	[    INFO]	Movendo os arquivos []
2023-09-25T20:46:33.707578-03:00	[    INFO]	Movendo os arquivos []
2023-09-25T20:46:33.707798-03:00	[    INFO]	Movendo os arquivos []
2023-09-25T20:46:33.707992-03:00	[    INFO]	Movendo os arquivos []
2023-09-25T20:46:33.708141-03:00	[    INFO]	======END======
2023-09-25T20:47:15.080594-03:00	[    INFO]	=====START=====
2023-09-25T20:47:15.083284-03:00	[    INFO]	Buscando os arquivos no formato: 'app.[a-z][a-z]?'
2023-09-25T20:47:15.083650-03:00	[    INFO]	Movendo os arquivos ['./abc/app.js']
2023-09-25T20:47:15.083842-03:00	[    INFO]	Movendo os arquivos ['./abc/app.js', './abc/app.ts']
2023-09-25T20:47:15.084043-03:00	[    INFO]	Movendo os arquivos ['./abc/app.js', './abc/app.ts', './abc/app.rb']
2023-09-25T20:47:15.084248-03:00	[    INFO]	Movendo os arquivos ['./abc/app.js', './abc/app.ts', './abc/app.rb', './abc/app.c']
2023-09-25T20:47:15.084382-03:00	[    INFO]	======END======
2023-09-25T20:47:49.554769-03:00	[    INFO]	=====START=====
2023-09-25T20:47:49.557722-03:00	[    INFO]	Buscando os arquivos no formato: 'app.[a-z][a-z]?'
2023-09-25T20:47:49.558113-03:00	[    INFO]	Movendo os arquivos ['./abc/app.js']
2023-09-25T20:47:49.558319-03:00	[    INFO]	Movendo os arquivos ['./abc/app.js', './abc/app.ts']
2023-09-25T20:47:49.558522-03:00	[    INFO]	Movendo os arquivos ['./abc/app.js', './abc/app.ts', './abc/app.rb']
2023-09-25T20:47:49.558704-03:00	[    INFO]	Movendo os arquivos ['./abc/app.js', './abc/app.ts', './abc/app.rb', './abc/app.c']
2023-09-25T20:47:49.558829-03:00	[    INFO]	======END======
2023-09-25T20:48:35.841851-03:00	[    INFO]	=====START=====
2023-09-25T20:48:35.844873-03:00	[    INFO]	Buscando os arquivos no formato: 'app.[a-z][a-z]?'
2023-09-25T20:48:35.845249-03:00	[    INFO]	Movendo os arquivos ['./abc/app.js']
2023-09-25T20:48:35.845445-03:00	[    INFO]	Movendo os arquivos ['./abc/app.js', './abc/app.ts']
2023-09-25T20:48:35.845647-03:00	[    INFO]	Movendo os arquivos ['./abc/app.js', './abc/app.ts', './abc/app.rb']
2023-09-25T20:48:35.845829-03:00	[    INFO]	Movendo os arquivos ['./abc/app.js', './abc/app.ts', './abc/app.rb', './abc/app.c']
2023-09-25T20:48:35.845947-03:00	[    INFO]	======END======
2023-09-25T20:49:11.608652-03:00	[    INFO]	=====START=====
2023-09-25T20:49:11.612247-03:00	[    INFO]	Buscando os arquivos no formato: 'app.[a-z][a-z]?'
2023-09-25T20:49:11.613044-03:00	[    INFO]	Não foram encontrados arquivos no formato informado: app.[a-z][a-z]?
2023-09-25T20:49:11.613225-03:00	[    INFO]	======END======
2023-09-25T20:49:55.936397-03:00	[    INFO]	=====START=====
2023-09-25T20:49:55.939255-03:00	[    INFO]	Buscando os arquivos no formato: 'app.[a-z][a-z]?'
2023-09-25T20:49:55.939796-03:00	[    INFO]	Movendo os arquivos ['app.js'], para ./wyz
2023-09-25T20:49:55.939981-03:00	[    INFO]	======END======
2023-09-25T20:50:36.122693-03:00	[    INFO]	=====START=====
2023-09-25T20:50:36.125689-03:00	[    INFO]	Buscando os arquivos no formato: 'app.[a-z][a-z]?'
2023-09-25T20:50:36.126484-03:00	[    INFO]	Movendo os arquivos ['app.js', 'app.ts', 'app.rb', 'app.c'], para ./wyz
2023-09-25T20:50:36.126673-03:00	[    INFO]	======END======
2023-09-25T20:51:10.919035-03:00	[    INFO]	=====START=====
2023-09-25T20:51:10.921843-03:00	[    INFO]	Buscando os arquivos no formato: 'app.[a-z][a-z]?'
2023-09-25T20:51:10.922133-03:00	[    INFO]	Movendo os arquivos [], para ./wyz
2023-09-25T20:51:10.922343-03:00	[    INFO]	======END======
2023-09-25T20:51:33.354077-03:00	[    INFO]	=====START=====
2023-09-25T20:51:33.356975-03:00	[    INFO]	Buscando os arquivos no formato: 'app.[a-z][a-z]?'
2023-09-25T20:51:33.357481-03:00	[    INFO]	Movendo os arquivos ['app.js', 'app.ts', 'app.rb', 'app.c'], para ./wyz
2023-09-25T20:51:33.357713-03:00	[    INFO]	======END======
2023-09-25T20:51:41.669048-03:00	[    INFO]	=====START=====
2023-09-25T20:51:41.672740-03:00	[    INFO]	Buscando os arquivos no formato: 'app.[a-z][a-z]?'
2023-09-25T20:51:41.673227-03:00	[    INFO]	Movendo os arquivos ['app.js', 'app.ts', 'app.rb'], para ./wyz
2023-09-25T20:51:41.673359-03:00	[    INFO]	======END======
2023-09-25T20:51:42.889555-03:00	[    INFO]	=====START=====
2023-09-25T20:51:42.892398-03:00	[    INFO]	Buscando os arquivos no formato: 'app.[a-z][a-z]?'
2023-09-25T20:51:42.892937-03:00	[    INFO]	Movendo os arquivos ['app.js', 'app.ts', 'app.rb'], para ./wyz
2023-09-25T20:51:42.893122-03:00	[    INFO]	======END======
2023-09-25T20:51:44.436102-03:00	[    INFO]	=====START=====
2023-09-25T20:51:44.438907-03:00	[    INFO]	Buscando os arquivos no formato: 'app.[a-z][a-z]?'
2023-09-25T20:51:44.439353-03:00	[    INFO]	Movendo os arquivos ['app.js', 'app.ts', 'app.rb'], para ./wyz
2023-09-25T20:51:44.439492-03:00	[    INFO]	======END======
2023-09-25T20:54:43.633002-03:00	[    INFO]	=====START=====
2023-09-25T20:54:52.509261-03:00	[    INFO]	=====START=====
2023-09-25T20:54:52.512337-03:00	[    INFO]	Buscando os arquivos no formato: 'app.[a-z][a-z]?'
2023-09-25T20:54:52.512980-03:00	[    INFO]	Movendo os arquivos ['app.js', 'app.ts', 'app.rb', 'app.c'], para ./wyz
2023-09-25T20:54:52.513174-03:00	[    INFO]	======END======
2023-09-25T20:55:05.484593-03:00	[    INFO]	=====START=====
2023-09-25T20:55:35.826748-03:00	[    INFO]	=====START=====
2023-09-25T20:56:20.881949-03:00	[    INFO]	=====START=====
2023-09-25T20:56:20.885381-03:00	[    INFO]	Buscando os arquivos no formato: 'app.[a-z][a-z]?'
2023-09-25T20:56:20.886822-03:00	[    INFO]	Movendo os arquivos ['app.js', 'app.ts', 'app.rb', 'app.c'], para ./wyz
2023-09-25T20:56:20.886969-03:00	[    INFO]	======END======
2023-09-25T20:57:06.591571-03:00	[    INFO]	=====START=====
2023-09-25T20:57:06.594339-03:00	[    INFO]	Buscando os arquivos no formato: 'app.[a-z][a-z]?'
2023-09-25T20:57:06.594809-03:00	[    INFO]	Movendo os arquivos ['app.js', 'app.ts', 'app.rb', 'app.c'], para './wyz'
2023-09-25T20:57:06.595034-03:00	[    INFO]	======END======
2023-09-25T20:57:46.453557-03:00	[    INFO]	=====START=====
2023-09-25T20:57:46.456414-03:00	[    INFO]	Buscando os arquivos no formato: 'app.[a-z][a-z]?'
2023-09-25T20:57:46.456874-03:00	[    INFO]	Movendo os arquivos 
['app.js', 'app.ts', 'app.rb'], para './wyz'
2023-09-25T20:57:46.457110-03:00	[    INFO]	======END======
2023-09-25T20:58:01.911198-03:00	[    INFO]	=====START=====
2023-09-25T20:58:01.913980-03:00	[    INFO]	Buscando os arquivos no formato: 'app.[a-z][a-z]?'
2023-09-25T20:58:01.914449-03:00	[    INFO]	Movendo os arquivos ['app.js', 'app.ts', 'app.rb'], para './wyz'
2023-09-25T20:58:01.914704-03:00	[    INFO]	======END======
2023-09-25T20:58:36.509862-03:00	[    INFO]	=====START=====
2023-09-25T20:58:36.512770-03:00	[    INFO]	Buscando os arquivos no formato: 'app.[a-z][a-z]?'
2023-09-25T20:58:36.513182-03:00	[    INFO]	Movendo os arquivos ['app.js', 'app.ts'], para './wyz'
2023-09-25T20:58:36.513393-03:00	[    INFO]	======END======
2023-09-25T20:58:38.597456-03:00	[    INFO]	=====START=====
2023-09-25T20:58:38.602528-03:00	[    INFO]	Buscando os arquivos no formato: 'app.[a-z][a-z]?'
2023-09-25T20:58:38.602884-03:00	[    INFO]	Movendo os arquivos ['app.js'], para './wyz'
2023-09-25T20:58:38.603101-03:00	[    INFO]	======END======
2023-09-25T20:58:40.828461-03:00	[    INFO]	=====START=====
2023-09-25T20:58:40.831208-03:00	[    INFO]	Buscando os arquivos no formato: 'app.[a-z][a-z]?'
2023-09-25T20:58:40.831468-03:00	[    INFO]	Movendo os arquivos [], para './wyz'
2023-09-25T20:58:40.831630-03:00	[   ERROR]	cannot access local variable 'file' where it is not associated with a value
Traceback (most recent call last):
  File "/home/lucas/Dev/python/scripts/move_files.py", line 125, in main
    moveFiles = MoveFiles(
                ^^^^^^^^^^
  File "/home/lucas/Dev/python/scripts/move_files.py", line 36, in __init__
    self.moveFiles()
  File "/home/lucas/Dev/python/scripts/move_files.py", line 61, in moveFiles
    shutil.move(file.path, self.destination_folder)
                ^^^^
UnboundLocalError: cannot access local variable 'file' where it is not associated with a value
2023-09-25T20:58:40.833719-03:00	[    INFO]	======END======
2023-09-25T20:58:45.933747-03:00	[    INFO]	=====START=====
2023-09-25T20:58:45.936461-03:00	[    INFO]	Buscando os arquivos no formato: 'app.[a-z][a-z]?'
2023-09-25T20:58:45.936756-03:00	[    INFO]	Movendo os arquivos [], para './wyz'
2023-09-25T20:58:45.936942-03:00	[   ERROR]	cannot access local variable 'file' where it is not associated with a value
Traceback (most recent call last):
  File "/home/lucas/Dev/python/scripts/move_files.py", line 125, in main
    moveFiles = MoveFiles(
                ^^^^^^^^^^
  File "/home/lucas/Dev/python/scripts/move_files.py", line 36, in __init__
    self.moveFiles()
  File "/home/lucas/Dev/python/scripts/move_files.py", line 61, in moveFiles
    shutil.move(file.path, self.destination_folder)
                ^^^^
UnboundLocalError: cannot access local variable 'file' where it is not associated with a value
2023-09-25T20:58:45.938972-03:00	[    INFO]	======END======
2023-09-25T21:02:07.978131-03:00	[    INFO]	=====START=====
2023-09-25T21:02:07.980928-03:00	[    INFO]	Buscando os arquivos no formato: 'app.[a-z][a-z]?'
2023-09-25T21:02:07.981279-03:00	[    INFO]	Movendo os arquivos [], para '/home/lucas/Dev/python/pythonMiranda/modulo1'
2023-09-25T21:02:07.981537-03:00	[    INFO]	======END======
2023-09-25T21:03:12.015580-03:00	[    INFO]	=====START=====
2023-09-25T21:03:12.018476-03:00	[    INFO]	Buscando os arquivos no formato: 'aula[0-9].py'
2023-09-25T21:03:12.019301-03:00	[    INFO]	Movendo os arquivos ['aula3.py', 'aula2.py', 'aula8.py', 'aula5.py', 'aula4.py', 'aula6.py', 'aula1.py', 'aula9.py', 'aula7.py'], para '/home/lucas/Dev/python/pythonMiranda/modulo1'
2023-09-25T21:03:12.019563-03:00	[    INFO]	======END======
2023-09-25T21:03:18.460008-03:00	[    INFO]	=====START=====
2023-09-25T21:03:18.463355-03:00	[    INFO]	Buscando os arquivos no formato: 'aula[0-9].py'
2023-09-25T21:03:18.464598-03:00	[    INFO]	Movendo os arquivos ['aula3.py', 'aula2.py', 'aula8.py', 'aula5.py', 'aula4.py', 'aula6.py', 'aula1.py', 'aula9.py', 'aula7.py'], para '/home/lucas/Dev/python/pythonMiranda/modulo1'
2023-09-25T21:03:18.465004-03:00	[    INFO]	======END======
2023-09-25T21:03:43.184719-03:00	[    INFO]	=====START=====
2023-09-25T21:03:43.187412-03:00	[    INFO]	Buscando os arquivos no formato: 'aula[0-9].py'
2023-09-25T21:03:43.189152-03:00	[    INFO]	Movendo os arquivos ['aula3.py', 'aula2.py', 'aula8.py', 'aula5.py', 'aula4.py', 'aula6.py', 'aula1.py', 'aula9.py', 'aula7.py'], para '/home/lucas/Dev/python/pythonMiranda/modulo1'
2023-09-25T21:03:43.189384-03:00	[    INFO]	======END======
2023-09-25T21:03:45.987405-03:00	[    INFO]	=====START=====
2023-09-25T21:03:45.990138-03:00	[    INFO]	Buscando os arquivos no formato: 'aula[0-9].py'
2023-09-25T21:03:45.990451-03:00	[    INFO]	Movendo os arquivos [], para '/home/lucas/Dev/python/pythonMiranda/modulo1'
2023-09-25T21:03:45.990598-03:00	[    INFO]	======END======
2023-09-25T21:04:14.157315-03:00	[    INFO]	=====START=====
2023-09-25T21:04:14.160012-03:00	[    INFO]	Buscando os arquivos no formato: 'aula[0-9][0-9].py'
2023-09-25T21:04:14.163713-03:00	[    INFO]	Movendo os arquivos ['aula25.py', 'aula10.py', 'aula33.py', 'aula16.py', 'aula22.py', 'aula30.py', 'aula15.py', 'aula12.py', 'aula26.py', 'aula23.py', 'aula24.py', 'aula20.py', 'aula29.py', 'aula14.py', 'aula17.py', 'aula28.py', 'aula11.py', 'aula21.py', 'aula31.py', 'aula19.py', 'aula27.py', 'aula32.py', 'aula13.py', 'aula18.py'], para '/home/lucas/Dev/python/pythonMiranda/modulo1'
2023-09-25T21:04:14.163953-03:00	[    INFO]	======END======
2023-09-25T21:04:18.105358-03:00	[    INFO]	=====START=====
2023-09-25T21:04:18.108171-03:00	[    INFO]	Buscando os arquivos no formato: 'aula[0-9][0-9].py'
2023-09-25T21:04:18.108496-03:00	[    INFO]	Movendo os arquivos [], para '/home/lucas/Dev/python/pythonMiranda/modulo1'
2023-09-25T21:04:18.108636-03:00	[    INFO]	======END======
2023-09-25T21:04:37.423190-03:00	[    INFO]	=====START=====
2023-09-25T21:04:37.426037-03:00	[    INFO]	Buscando os arquivos no formato: 'aula[0-9][0-9]?.py'
2023-09-25T21:04:37.431413-03:00	[    INFO]	Movendo os arquivos ['aula25.py', 'aula3.py', 'aula10.py', 'aula2.py', 'aula8.py', 'aula33.py', 'aula16.py', 'aula22.py', 'aula30.py', 'aula15.py', 'aula12.py', 'aula26.py', 'aula5.py', 'aula23.py', 'aula24.py', 'aula20.py', 'aula29.py', 'aula14.py', 'aula17.py', 'aula4.py', 'aula6.py', 'aula28.py', 'aula1.py', 'aula11.py', 'aula9.py', 'aula7.py', 'aula21.py', 'aula31.py', 'aula19.py', 'aula27.py', 'aula32.py', 'aula13.py', 'aula18.py'], para '/home/lucas/Dev/python/pythonMiranda/modulo1'
2023-09-25T21:04:37.431644-03:00	[    INFO]	======END======
2023-09-25T21:05:04.254251-03:00	[    INFO]	=====START=====
2023-09-25T21:05:04.257001-03:00	[    INFO]	Buscando os arquivos no formato: 'aula[0-9][0-9]?.py'
2023-09-25T21:05:04.261951-03:00	[    INFO]	Movendo os arquivos ['aula25.py', 'aula3.py', 'aula10.py', 'aula2.py', 'aula8.py', 'aula33.py', 'aula16.py', 'aula22.py', 'aula30.py', 'aula15.py', 'aula12.py', 'aula26.py', 'aula5.py', 'aula23.py', 'aula24.py', 'aula20.py', 'aula29.py', 'aula14.py', 'aula17.py', 'aula4.py', 'aula6.py', 'aula28.py', 'aula1.py', 'aula11.py', 'aula9.py', 'aula7.py', 'aula21.py', 'aula31.py', 'aula19.py', 'aula27.py', 'aula32.py', 'aula13.py', 'aula18.py'], para '/home/lucas/Dev/python/pythonMiranda/modulo1'
2023-09-25T21:05:04.262159-03:00	[    INFO]	======END======
2023-09-25T21:06:35.123434-03:00	[    INFO]	=====START=====
2023-09-25T21:06:35.126130-03:00	[    INFO]	Buscando os arquivos no formato: 'aula[0-9][0-9]?.py'
2023-09-25T21:06:35.126545-03:00	[   ERROR]	'list' object has no attribute 'sorted'
2023-09-25T21:06:35.126665-03:00	[    INFO]	======END======
2023-09-25T21:06:41.443073-03:00	[    INFO]	=====START=====
2023-09-25T21:06:41.445953-03:00	[    INFO]	Buscando os arquivos no formato: 'aula[0-9][0-9]?.py'
2023-09-25T21:06:41.446408-03:00	[   ERROR]	'list' object has no attribute 'sorted'
2023-09-25T21:06:41.446580-03:00	[    INFO]	======END======
2023-09-25T21:07:42.328739-03:00	[    INFO]	=====START=====
2023-09-25T21:07:42.334676-03:00	[    INFO]	Buscando os arquivos no formato: 'aula[0-9][0-9]?.py'
2023-09-25T21:07:42.363324-03:00	[    INFO]	Movendo os arquivos ['aula1.py', 'aula10.py', 'aula11.py', 'aula12.py', 'aula13.py', 'aula14.py', 'aula15.py', 'aula16.py', 'aula17.py', 'aula18.py', 'aula19.py', 'aula2.py', 'aula20.py', 'aula21.py', 'aula22.py', 'aula23.py', 'aula24.py', 'aula25.py', 'aula26.py', 'aula27.py', 'aula28.py', 'aula29.py', 'aula3.py', 'aula30.py', 'aula31.py', 'aula32.py', 'aula33.py', 'aula4.py', 'aula5.py', 'aula6.py', 'aula7.py', 'aula8.py', 'aula9.py'], para '/home/lucas/Dev/python/pythonMiranda/modulo1'
2023-09-25T21:07:42.363798-03:00	[    INFO]	======END======
2023-09-25T21:08:14.712973-03:00	[    INFO]	=====START=====
2023-09-25T21:08:14.715802-03:00	[    INFO]	Buscando os arquivos no formato: 'aula[0-9][0-9]?.py'
2023-09-25T21:08:14.721955-03:00	[    INFO]	Movendo os arquivos [], para '/home/lucas/Dev/python/pythonMiranda/modulo1'
2023-09-25T21:08:14.722208-03:00	[    INFO]	======END======
2023-09-25T21:08:24.381308-03:00	[    INFO]	=====START=====
2023-09-25T21:08:24.384103-03:00	[    INFO]	Buscando os arquivos no formato: 'aula[0-9][0-9]?.py'
2023-09-25T21:08:24.384543-03:00	[    INFO]	Movendo os arquivos [], para '/home/lucas/Dev/python/pythonMiranda/modulo1'
2023-09-25T21:08:24.384667-03:00	[    INFO]	======END======
2023-09-25T21:08:36.343156-03:00	[    INFO]	=====START=====
2023-09-25T21:08:36.346013-03:00	[    INFO]	Buscando os arquivos no formato: 'aula[0-9][0-9]?.py'
2023-09-25T21:08:36.349739-03:00	[    INFO]	Movendo os arquivos ['aula1.py', 'aula10.py', 'aula11.py', 'aula12.py', 'aula13.py', 'aula14.py', 'aula15.py', 'aula16.py', 'aula17.py', 'aula18.py', 'aula19.py', 'aula2.py', 'aula20.py', 'aula21.py', 'aula22.py', 'aula23.py', 'aula24.py', 'aula25.py', 'aula26.py', 'aula27.py', 'aula28.py', 'aula29.py', 'aula3.py', 'aula30.py', 'aula31.py', 'aula32.py', 'aula33.py', 'aula4.py', 'aula5.py', 'aula6.py', 'aula7.py', 'aula8.py', 'aula9.py'], para '/home/lucas/Dev/python/pythonMiranda/modulo1'
2023-09-25T21:08:36.350029-03:00	[    INFO]	======END======
2023-09-25T21:08:54.265222-03:00	[    INFO]	=====START=====
2023-09-25T21:08:54.268020-03:00	[    INFO]	Buscando os arquivos no formato: 'aula[0-9][0-9]?.py'
2023-09-25T21:08:54.268675-03:00	[   ERROR]	'NoneType' object has no attribute 'sort'
2023-09-25T21:08:54.268810-03:00	[    INFO]	======END======
2023-09-25T21:09:11.312716-03:00	[    INFO]	=====START=====
2023-09-25T21:09:11.315641-03:00	[    INFO]	Buscando os arquivos no formato: 'aula[0-9][0-9]?.py'
2023-09-25T21:09:11.316098-03:00	[   ERROR]	'NoneType' object has no attribute 'append'
2023-09-25T21:09:11.316262-03:00	[    INFO]	======END======
2023-09-25T21:09:34.673623-03:00	[    INFO]	=====START=====
2023-09-25T21:09:34.678179-03:00	[    INFO]	Buscando os arquivos no formato: 'aula[0-9][0-9]?.py'
2023-09-25T21:09:34.683417-03:00	[    INFO]	Movendo os arquivos ['aula25.py', 'aula3.py', 'aula10.py', 'aula2.py', 'aula8.py', 'aula33.py', 'aula16.py', 'aula22.py', 'aula30.py', 'aula15.py', 'aula12.py', 'aula26.py', 'aula5.py', 'aula23.py', 'aula24.py', 'aula20.py', 'aula29.py', 'aula14.py', 'aula17.py', 'aula4.py', 'aula6.py', 'aula28.py', 'aula1.py', 'aula11.py', 'aula9.py', 'aula7.py', 'aula21.py', 'aula31.py', 'aula19.py', 'aula27.py', 'aula32.py', 'aula13.py', 'aula18.py'], para '/home/lucas/Dev/python/pythonMiranda/modulo1'
2023-09-25T21:09:34.683646-03:00	[    INFO]	======END======
2023-09-25T23:10:50.668424-03:00	[    INFO]	=====START=====
2023-09-25T23:10:50.671131-03:00	[    INFO]	Buscando os arquivos no formato: 'aula[0-9][0-9]?.py'
2023-09-25T23:10:50.671451-03:00	[    INFO]	Movendo os arquivos [], para '/home/lucas/Dev/python/pythonMiranda/modulo1'
2023-09-25T23:10:50.671575-03:00	[    INFO]	======END======
2023-09-25T23:10:52.726961-03:00	[    INFO]	=====START=====
2023-09-25T23:10:52.730379-03:00	[    INFO]	Buscando os arquivos no formato: 'aula[0-9][0-9]?.py'
2023-09-25T23:10:52.730709-03:00	[    INFO]	Movendo os arquivos [], para '/home/lucas/Dev/python/pythonMiranda/modulo1'
2023-09-25T23:10:52.730834-03:00	[    INFO]	======END======
